/home/synopsys/syn/O-2018.06-SP1/auxx/gui/dv/dv_setup.tcl
/home/synopsys/syn/O-2018.06-SP1/auxx/gui/syn/snpsSynProcs.tcl
/home/synopsys/syn/O-2018.06-SP1/auxx/gui/syn/layout/pkgIndex.tcl
/home/synopsys/syn/O-2018.06-SP1/auxx/gui/common/tq/pkgIndex.tcl
/home/synopsys/syn/O-2018.06-SP1/auxx/gui/common/docBrowser/pkgIndex.tcl
/home/synopsys/syn/O-2018.06-SP1/auxx/gui/common/qtcl/pkgIndex.tcl
/home/synopsys/syn/O-2018.06-SP1/auxx/gui/common/profiler/pkgIndex.tcl
/home/synopsys/syn/O-2018.06-SP1/auxx/gui/common/highlight/pkgIndex.tcl
/home/synopsys/syn/O-2018.06-SP1/auxx/gui/common/tiledview/pkgIndex.tcl
/home/synopsys/syn/O-2018.06-SP1/auxx/gui/common/mrupalette/pkgIndex.tcl
/home/synopsys/syn/O-2018.06-SP1/auxx/gui/common/histogram/pkgIndex.tcl
/home/synopsys/syn/O-2018.06-SP1/auxx/gui/common/palettegroup/pkgIndex.tcl
/home/synopsys/syn/O-2018.06-SP1/auxx/gui/common/layout/pkgIndex.tcl
/home/synopsys/syn/O-2018.06-SP1/auxx/gui/common/select/pkgIndex.tcl
/home/synopsys/syn/O-2018.06-SP1/auxx/gui/common/pathinspector/pkgIndex.tcl
/home/synopsys/syn/O-2018.06-SP1/auxx/gui/common/regressionToolkit/pkgIndex.tcl
/home/synopsys/syn/O-2018.06-SP1/auxx/gui/common/fanoutviewer/pkgIndex.tcl
/home/synopsys/syn/O-2018.06-SP1/auxx/gui/common/table/pkgIndex.tcl
/home/synopsys/syn/O-2018.06-SP1/auxx/gui/common/opdlg/pkgIndex.tcl
/home/synopsys/syn/O-2018.06-SP1/auxx/gui/common/timing/pkgIndex.tcl
/home/synopsys/syn/O-2018.06-SP1/auxx/gui/common/acg/pkgIndex.tcl
/home/synopsys/syn/O-2018.06-SP1/auxx/gui/common/strokes/pkgIndex.tcl
/home/synopsys/syn/O-2018.06-SP1/auxx/gui/common/libviewer/pkgIndex.tcl
/home/synopsys/syn/O-2018.06-SP1/auxx/gui/common/menus/pkgIndex.tcl
/home/synopsys/syn/O-2018.06-SP1/auxx/gui/common/view/pkgIndex.tcl
/home/synopsys/syn/O-2018.06-SP1/auxx/gui/common/commandform/pkgIndex.tcl
/home/synopsys/syn/O-2018.06-SP1/auxx/gui/common/WindowFrameWork/pkgIndex.tcl
/home/synopsys/syn/O-2018.06-SP1/auxx/gui/common/schematic/pkgIndex.tcl
/home/synopsys/syn/O-2018.06-SP1/auxx/gui/common/misc/pkgIndex.tcl
/home/synopsys/syn/O-2018.06-SP1/auxx/gui/common/tcl-dp/pkgIndex.tcl
/home/synopsys/syn/O-2018.06-SP1/auxx/gui/common/dialogs/pkgIndex.tcl
/home/synopsys/syn/O-2018.06-SP1/auxx/gui/common/setup/pkgIndex.tcl
/home/synopsys/syn/O-2018.06-SP1/auxx/gui/common/hierarchy/pkgIndex.tcl
/home/synopsys/syn/O-2018.06-SP1/auxx/gui/dv/pkgIndex.tcl
/home/synopsys/syn/O-2018.06-SP1/auxx/syn/lib/pkgIndex.tcl
/home/synopsys/syn/O-2018.06-SP1/auxx/tcllib/lib/iwidgets4.1/pkgIndex.tcl
/home/synopsys/syn/O-2018.06-SP1/auxx/tcllib/snps_tcl/snpsTclPro/pkgIndex.tcl
/home/synopsys/syn/O-2018.06-SP1/auxx/tcllib/snps_tcl/snpsTest/pkgIndex.tcl
/home/synopsys/syn/O-2018.06-SP1/auxx/tcllib/snps_tcl/snpsUtils/pkgIndex.tcl
/home/synopsys/syn/O-2018.06-SP1/auxx/tcllib/snps_tcl/pkgIndex.tcl
/home/synopsys/syn/O-2018.06-SP1/auxx/tcllib/lib/tcl8.6/reg/pkgIndex.tcl
/home/synopsys/syn/O-2018.06-SP1/auxx/tcllib/lib/tcl8.6/dde/pkgIndex.tcl
/home/synopsys/syn/O-2018.06-SP1/auxx/tcllib/lib/tcl8.6/platform/pkgIndex.tcl
/home/synopsys/syn/O-2018.06-SP1/auxx/tcllib/lib/tcl8.6/tcltest/pkgIndex.tcl
/home/synopsys/syn/O-2018.06-SP1/auxx/tcllib/lib/tcl8.6/http/pkgIndex.tcl
/home/synopsys/syn/O-2018.06-SP1/auxx/tcllib/lib/tcl8.6/msgcat/pkgIndex.tcl
/home/synopsys/syn/O-2018.06-SP1/auxx/tcllib/lib/tcl8.6/http1.0/pkgIndex.tcl
/home/synopsys/syn/O-2018.06-SP1/auxx/tcllib/lib/tcl8.6/opt/pkgIndex.tcl
/home/synopsys/syn/O-2018.06-SP1/auxx/gui/common/setup/snpsCommonSetup.tcl
/home/synopsys/syn/O-2018.06-SP1/auxx/gui/common/setup/snpsCustomize.tcl
/home/synopsys/syn/O-2018.06-SP1/auxx/gui/common/setup/snpsProcheck.tcl
/home/synopsys/syn/O-2018.06-SP1/auxx/gui/common/qtcl/.synopsys_qtcl.tcl
/home/synopsys/syn/O-2018.06-SP1/auxx/gui/common/highlight/highlight.tcl
/home/synopsys/syn/O-2018.06-SP1/auxx/gui/common/misc/base.tcl
/home/synopsys/syn/O-2018.06-SP1/auxx/gui/common/misc/timing.tcl
/home/synopsys/syn/O-2018.06-SP1/auxx/gui/common/misc/setting.tcl
/home/synopsys/syn/O-2018.06-SP1/auxx/gui/common/misc/preset.tcl
/home/synopsys/syn/O-2018.06-SP1/auxx/gui/common/WindowFrameWork/windowFrameWork.tcl
/home/synopsys/syn/O-2018.06-SP1/auxx/gui/common/WindowFrameWork/skipBusyCursorCmdList.tcl
/home/synopsys/syn/O-2018.06-SP1/auxx/gui/common/docBrowser/docBrowser.tcl
/home/synopsys/syn/O-2018.06-SP1/auxx/tcllib/snps_tcl/snpsUtils/snpsUtils.tcl
/home/synopsys/syn/O-2018.06-SP1/auxx/gui/common/dialogs/ObjectChooser.tcl
/home/synopsys/syn/O-2018.06-SP1/auxx/gui/common/misc/DialogObjectChooser.tcl
/home/synopsys/syn/O-2018.06-SP1/auxx/gui/common/dialogs/HistBinInformation.tcl
/home/synopsys/syn/O-2018.06-SP1/auxx/gui/common/dialogs/HistBin1Information.tcl
/home/synopsys/syn/O-2018.06-SP1/auxx/gui/common/dialogs/BinsOnlyInformation.tcl
/home/synopsys/syn/O-2018.06-SP1/auxx/gui/common/dialogs/FileChooser.tcl
/home/synopsys/syn/O-2018.06-SP1/auxx/gui/common/dialogs/PathPinSimpleInfo.tcl
/home/synopsys/syn/O-2018.06-SP1/auxx/gui/common/dialogs/PathsBasicInfo.tcl
/home/synopsys/syn/O-2018.06-SP1/auxx/gui/common/dialogs/PathsBasicSimpleInfo.tcl
/home/synopsys/syn/O-2018.06-SP1/auxx/gui/common/dialogs/SlctOperationInfo.tcl
/home/synopsys/syn/O-2018.06-SP1/auxx/gui/common/dialogs/ObjectListInfo.tcl
/home/synopsys/syn/O-2018.06-SP1/auxx/gui/common/dialogs/FanInOutInfo.tcl
/home/synopsys/syn/O-2018.06-SP1/auxx/gui/common/dialogs/NumberOfLevelsChooser.tcl
/home/synopsys/syn/O-2018.06-SP1/auxx/gui/common/dialogs/WindowReuseInfo.tcl
/home/synopsys/syn/O-2018.06-SP1/auxx/gui/common/dialogs/ReportOutputOptionInfo.tcl
/home/synopsys/syn/O-2018.06-SP1/auxx/gui/common/setup/snpsCollections.tcl
/home/synopsys/syn/O-2018.06-SP1/auxx/gui/common/dialogs/CompileLinkDesign.tcl
/home/synopsys/syn/O-2018.06-SP1/auxx/gui/common/histogram/DialogEndpointSlack.tcl
/home/synopsys/syn/O-2018.06-SP1/auxx/gui/common/histogram/DialogPathsSlack.tcl
/home/synopsys/syn/O-2018.06-SP1/auxx/gui/common/histogram/DialogNetCapacitance.tcl
/home/synopsys/syn/O-2018.06-SP1/auxx/gui/common/schematic/DialogPathSchematicFanInOut.tcl
/home/synopsys/syn/O-2018.06-SP1/auxx/gui/common/schematic/DialogPathSchematicAddPaths.tcl
/home/ICer/playground/processor_uart_system/logic_synthesis/scripts/logic_synthesis_script.tcl
/home/ICer/playground/processor_uart_system/lib/std_cells/scmetro_tsmc_cl013g_rvt_ss_1p08v_125c.db
/home/ICer/playground/processor_uart_system/lib/std_cells/scmetro_tsmc_cl013g_rvt_ff_1p32v_m40c.db
/home/synopsys/syn/O-2018.06-SP1/libraries/syn/gtech.db
/home/synopsys/syn/O-2018.06-SP1/libraries/syn/standard.sldb
/home/ICer/playground/processor_uart_system/rtl/system_top/system_top.v
/home/ICer/playground/processor_uart_system/rtl/system_top/system_top.v
/home/ICer/playground/processor_uart_system/rtl/uart/uart/uart.v
/home/ICer/playground/processor_uart_system/rtl/uart/uart_receiver/uart_receiver.v
/home/ICer/playground/processor_uart_system/rtl/uart/uart_receiver/uart_receiver_fsm.v
/home/ICer/playground/processor_uart_system/rtl/uart/uart_receiver/deserializer.v
/home/ICer/playground/processor_uart_system/rtl/uart/uart_receiver/data_sampler.v
/home/ICer/playground/processor_uart_system/rtl/uart/uart_receiver/edge_counter.v
/home/ICer/playground/processor_uart_system/rtl/uart/uart_receiver/start_bit_checker.v
/home/ICer/playground/processor_uart_system/rtl/uart/uart_receiver/stop_bit_checker.v
/home/ICer/playground/processor_uart_system/rtl/uart/uart_receiver/parity_bit_checker.v
/home/ICer/playground/processor_uart_system/rtl/uart/uart_transmitter/uart_transmitter.v
/home/ICer/playground/processor_uart_system/rtl/uart/uart_transmitter/uart_transmitter_fsm.v
/home/ICer/playground/processor_uart_system/rtl/uart/uart_transmitter/serializer.v
/home/ICer/playground/processor_uart_system/rtl/uart/uart_transmitter/parity_calculator.v
/home/ICer/playground/processor_uart_system/rtl/uart/uart_transmitter/output_mux.v
/home/ICer/playground/processor_uart_system/rtl/register_file/register_file.v
/home/ICer/playground/processor_uart_system/rtl/clock_divider/clock_divider.v
/home/ICer/playground/processor_uart_system/rtl/reset_synchronizer/reset_synchronizer.v
/home/ICer/playground/processor_uart_system/rtl/data_synchronizer/data_synchronizer.v
/home/ICer/playground/processor_uart_system/rtl/bus_synchronizer/bus_synchronizer.v
/home/ICer/playground/processor_uart_system/rtl/alu/alu.v
/home/ICer/playground/processor_uart_system/rtl/system_controller/system_controller.v
/home/ICer/playground/processor_uart_system/rtl/system_controller/uart_receiver_controller.v
/home/ICer/playground/processor_uart_system/rtl/system_controller/uart_transmitter_controller.v
/home/ICer/playground/processor_uart_system/rtl/clock_gating_cell/clock_gating_cell.v
/home/ICer/playground/processor_uart_system/logic_synthesis/scripts/constraints.tcl
/home/synopsys/syn/O-2018.06-SP1/libraries/syn/dw_foundation.sldb
/home/ICer/playground/processor_uart_system/lib/std_cells/scmetro_tsmc_cl013g_rvt_ss_1p08v_125c.db
/home/ICer/playground/processor_uart_system/logic_synthesis/scripts/alib-52/scmetro_tsmc_cl013g_rvt_ss_1p08v_125c.db.alib
/home/ICer/playground/processor_uart_system/logic_synthesis/scripts/alib-52/alib_analyze_libs.tcl.e
